#
# There is insufficient memory for the Java Runtime Environment to continue.
# Native memory allocation (malloc) failed to allocate 807296 bytes for Chunk::new
# Possible reasons:
#   The system is out of physical RAM or swap space
#   In 32 bit mode, the process size limit was hit
# Possible solutions:
#   Reduce memory load on the system
#   Increase physical memory or swap space
#   Check if swap backing store is full
#   Use 64 bit Java on a 64 bit OS
#   Decrease Java heap size (-Xmx/-Xms)
#   Decrease number of Java threads
#   Decrease Java thread stack sizes (-Xss)
#   Set larger code cache with -XX:ReservedCodeCacheSize=
# This output file may be truncated or incomplete.
#
#  Out of Memory Error (allocation.cpp:390), pid=31124, tid=30580
#
# JRE version: Java(TM) SE Runtime Environment (8.0_45-b14) (build 1.8.0_45-b14)
# Java VM: Java HotSpot(TM) 64-Bit Server VM (25.45-b02 mixed mode windows-amd64 compressed oops)
# Failed to write core dump. Minidumps are not enabled by default on client versions of Windows
#

---------------  T H R E A D  ---------------

Current thread (0x0000000056024800):  JavaThread "C2 CompilerThread0" daemon [_thread_in_native, id=30580, stack(0x0000000056700000,0x0000000056800000)]

Stack: [0x0000000056700000,0x0000000056800000],  sp=0x00000000567fb758,  free space=1005k
Native frames: (J=compiled Java code, j=interpreted, Vv=VM code, C=native code)
V  [jvm.dll+0x32b57a]


Current CompileTask:
C2:   4814 1743       4       com.android.dx.ssa.LocalVariableExtractor::processBlock (383 bytes)


---------------  P R O C E S S  ---------------

Java Threads: ( => current thread )
  0x000000005608e800 JavaThread "Service Thread" daemon [_thread_blocked, id=28308, stack(0x0000000055dc0000,0x0000000055ec0000)]
  0x000000005607a800 JavaThread "C1 CompilerThread2" daemon [_thread_blocked, id=30924, stack(0x0000000056a40000,0x0000000056b40000)]
  0x000000005602a000 JavaThread "C2 CompilerThread1" daemon [_thread_in_native, id=30728, stack(0x0000000056930000,0x0000000056a30000)]
=>0x0000000056024800 JavaThread "C2 CompilerThread0" daemon [_thread_in_native, id=30580, stack(0x0000000056700000,0x0000000056800000)]
  0x000000005601b800 JavaThread "Attach Listener" daemon [_thread_blocked, id=28236, stack(0x00000000565e0000,0x00000000566e0000)]
  0x0000000056018800 JavaThread "Signal Dispatcher" daemon [_thread_blocked, id=30920, stack(0x0000000056410000,0x0000000056510000)]
  0x0000000054c4c000 JavaThread "Finalizer" daemon [_thread_blocked, id=30376, stack(0x0000000055f10000,0x0000000056010000)]
  0x0000000054c45000 JavaThread "Reference Handler" daemon [_thread_blocked, id=27264, stack(0x0000000055cb0000,0x0000000055db0000)]
  0x000000000218e800 JavaThread "main" [_thread_in_Java, id=31052, stack(0x00000000021d0000,0x00000000022d0000)]

Other Threads:
  0x0000000054c40000 VMThread [stack: 0x0000000055b90000,0x0000000055c90000] [id=19672]
  0x0000000056093800 WatcherThread [stack: 0x0000000056c10000,0x0000000056d10000] [id=24516]

VM state:not at safepoint (normal execution)

VM Mutex/Monitor currently owned by a thread: None

Heap:
 PSYoungGen      total 86528K, used 14907K [0x00000000eab00000, 0x00000000f5400000, 0x0000000100000000)
  eden space 79872K, 10% used [0x00000000eab00000,0x00000000eb316be8,0x00000000ef900000)
  from space 6656K, 99% used [0x00000000ef900000,0x00000000eff782c0,0x00000000eff80000)
  to   space 6656K, 0% used [0x00000000f4d80000,0x00000000f4d80000,0x00000000f5400000)
 ParOldGen       total 106496K, used 17782K [0x00000000c0000000, 0x00000000c6800000, 0x00000000eab00000)
  object space 106496K, 16% used [0x00000000c0000000,0x00000000c115da20,0x00000000c6800000)
 Metaspace       used 5997K, capacity 7152K, committed 7296K, reserved 1056768K
  class space    used 560K, capacity 616K, committed 640K, reserved 1048576K

Card table byte_map: [0x0000000011690000,0x00000000118a0000] byte_map_base: 0x0000000011090000

Marking Bits: (ParMarkBitMap*) 0x0000000058bf4040
 Begin Bits: [0x00000000120b0000, 0x00000000130b0000)
 End Bits:   [0x00000000130b0000, 0x00000000140b0000)

Polling page: 0x0000000000210000

CodeCache: size=245760Kb used=7341Kb max_used=7341Kb free=238419Kb
 bounds [0x00000000022d0000, 0x0000000002a10000, 0x00000000112d0000]
 total_blobs=2024 nmethods=1757 adapters=180
 compilation: enabled

Compilation events (10 events):
Event: 4.785 Thread 0x000000005607a800 1798       2       com.android.dx.dex.cf.AttributeTranslator::translateEnclosingMethod (50 bytes)
Event: 4.786 Thread 0x000000005607a800 nmethod 1798 0x00000000029fd350 code [0x00000000029fd540, 0x00000000029fdaa8]
Event: 4.786 Thread 0x000000005607a800 1799       2       com.android.dx.dex.cf.AttributeTranslator::translateInnerClasses (356 bytes)
Event: 4.790 Thread 0x000000005607a800 nmethod 1799 0x00000000029fdf50 code [0x00000000029fe320, 0x00000000029ff658]
Event: 4.790 Thread 0x000000005607a800 1800       2       com.android.dx.rop.code.AccessFlags::isAnnotation (14 bytes)
Event: 4.790 Thread 0x000000005607a800 nmethod 1800 0x0000000002a01310 code [0x0000000002a01460, 0x0000000002a015b0]
Event: 4.791 Thread 0x000000005607a800 1801       1       com.android.dx.cf.code.LocalVariableList$Item::getSignature (5 bytes)
Event: 4.791 Thread 0x000000005607a800 nmethod 1801 0x0000000002a01650 code [0x0000000002a017a0, 0x0000000002a018b0]
Event: 4.805 Thread 0x000000005607a800 1802       2       com.android.dx.rop.type.StdTypeList::getWordCount (33 bytes)
Event: 4.806 Thread 0x000000005607a800 nmethod 1802 0x0000000002a01910 code [0x0000000002a01a80, 0x0000000002a01cd8]

GC Heap History (6 events):
Event: 2.089 GC heap before
{Heap before GC invocations=1 (full 0):
 PSYoungGen      total 46592K, used 39936K [0x00000000eab00000, 0x00000000edf00000, 0x0000000100000000)
  eden space 39936K, 100% used [0x00000000eab00000,0x00000000ed200000,0x00000000ed200000)
  from space 6656K, 0% used [0x00000000ed880000,0x00000000ed880000,0x00000000edf00000)
  to   space 6656K, 0% used [0x00000000ed200000,0x00000000ed200000,0x00000000ed880000)
 ParOldGen       total 106496K, used 0K [0x00000000c0000000, 0x00000000c6800000, 0x00000000eab00000)
  object space 106496K, 0% used [0x00000000c0000000,0x00000000c0000000,0x00000000c6800000)
 Metaspace       used 5785K, capacity 6960K, committed 7040K, reserved 1056768K
  class space    used 559K, capacity 616K, committed 640K, reserved 1048576K
Event: 2.118 GC heap after
Heap after GC invocations=1 (full 0):
 PSYoungGen      total 46592K, used 6642K [0x00000000eab00000, 0x00000000f0600000, 0x0000000100000000)
  eden space 39936K, 0% used [0x00000000eab00000,0x00000000eab00000,0x00000000ed200000)
  from space 6656K, 99% used [0x00000000ed200000,0x00000000ed87cac8,0x00000000ed880000)
  to   space 6656K, 0% used [0x00000000eff80000,0x00000000eff80000,0x00000000f0600000)
 ParOldGen       total 106496K, used 1145K [0x00000000c0000000, 0x00000000c6800000, 0x00000000eab00000)
  object space 106496K, 1% used [0x00000000c0000000,0x00000000c011e7b0,0x00000000c6800000)
 Metaspace       used 5785K, capacity 6960K, committed 7040K, reserved 1056768K
  class space    used 559K, capacity 616K, committed 640K, reserved 1048576K
}
Event: 3.746 GC heap before
{Heap before GC invocations=2 (full 0):
 PSYoungGen      total 46592K, used 46578K [0x00000000eab00000, 0x00000000f0600000, 0x0000000100000000)
  eden space 39936K, 100% used [0x00000000eab00000,0x00000000ed200000,0x00000000ed200000)
  from space 6656K, 99% used [0x00000000ed200000,0x00000000ed87cac8,0x00000000ed880000)
  to   space 6656K, 0% used [0x00000000eff80000,0x00000000eff80000,0x00000000f0600000)
 ParOldGen       total 106496K, used 1145K [0x00000000c0000000, 0x00000000c6800000, 0x00000000eab00000)
  object space 106496K, 1% used [0x00000000c0000000,0x00000000c011e7b0,0x00000000c6800000)
 Metaspace       used 5899K, capacity 7088K, committed 7296K, reserved 1056768K
  class space    used 559K, capacity 616K, committed 640K, reserved 1048576K
Event: 3.834 GC heap after
Heap after GC invocations=2 (full 0):
 PSYoungGen      total 86528K, used 6630K [0x00000000eab00000, 0x00000000f0600000, 0x0000000100000000)
  eden space 79872K, 0% used [0x00000000eab00000,0x00000000eab00000,0x00000000ef900000)
  from space 6656K, 99% used [0x00000000eff80000,0x00000000f05f9b88,0x00000000f0600000)
  to   space 6656K, 0% used [0x00000000ef900000,0x00000000ef900000,0x00000000eff80000)
 ParOldGen       total 106496K, used 5341K [0x00000000c0000000, 0x00000000c6800000, 0x00000000eab00000)
  object space 106496K, 5% used [0x00000000c0000000,0x00000000c0537630,0x00000000c6800000)
 Metaspace       used 5899K, capacity 7088K, committed 7296K, reserved 1056768K
  class space    used 559K, capacity 616K, committed 640K, reserved 1048576K
}
Event: 4.629 GC heap before
{Heap before GC invocations=3 (full 0):
 PSYoungGen      total 86528K, used 86502K [0x00000000eab00000, 0x00000000f0600000, 0x0000000100000000)
  eden space 79872K, 100% used [0x00000000eab00000,0x00000000ef900000,0x00000000ef900000)
  from space 6656K, 99% used [0x00000000eff80000,0x00000000f05f9b88,0x00000000f0600000)
  to   space 6656K, 0% used [0x00000000ef900000,0x00000000ef900000,0x00000000eff80000)
 ParOldGen       total 106496K, used 5341K [0x00000000c0000000, 0x00000000c6800000, 0x00000000eab00000)
  object space 106496K, 5% used [0x00000000c0000000,0x00000000c0537630,0x00000000c6800000)
 Metaspace       used 5958K, capacity 7152K, committed 7296K, reserved 1056768K
  class space    used 560K, capacity 616K, committed 640K, reserved 1048576K
Event: 4.703 GC heap after
Heap after GC invocations=3 (full 0):
 PSYoungGen      total 86528K, used 6624K [0x00000000eab00000, 0x00000000f5400000, 0x0000000100000000)
  eden space 79872K, 0% used [0x00000000eab00000,0x00000000eab00000,0x00000000ef900000)
  from space 6656K, 99% used [0x00000000ef900000,0x00000000eff782c0,0x00000000eff80000)
  to   space 6656K, 0% used [0x00000000f4d80000,0x00000000f4d80000,0x00000000f5400000)
 ParOldGen       total 106496K, used 17782K [0x00000000c0000000, 0x00000000c6800000, 0x00000000eab00000)
  object space 106496K, 16% used [0x00000000c0000000,0x00000000c115da20,0x00000000c6800000)
 Metaspace       used 5958K, capacity 7152K, committed 7296K, reserved 1056768K
  class space    used 560K, capacity 616K, committed 640K, reserved 1048576K
}

Deoptimization events (10 events):
Event: 4.341 Thread 0x000000000218e800 Uncommon trap: reason=unstable_if action=reinterpret pc=0x00000000028c6088 method=com.android.dx.rop.code.LocalItem.compareHandlesNulls(Lcom/android/dx/rop/cst/CstString;Lcom/android/dx/rop/cst/CstString;)I @ 14
Event: 4.361 Thread 0x000000000218e800 Uncommon trap: reason=class_check action=maybe_recompile pc=0x00000000027ba334 method=java.util.HashMap.putVal(ILjava/lang/Object;Ljava/lang/Object;ZZ)Ljava/lang/Object; @ 203
Event: 4.372 Thread 0x000000000218e800 Uncommon trap: reason=bimorphic action=maybe_recompile pc=0x0000000002930df8 method=com.android.dx.rop.code.RegisterSpec.withSimpleType()Lcom/android/dx/rop/code/RegisterSpec; @ 21
Event: 4.372 Thread 0x000000000218e800 Uncommon trap: reason=bimorphic action=maybe_recompile pc=0x0000000002930df8 method=com.android.dx.rop.code.RegisterSpec.withSimpleType()Lcom/android/dx/rop/code/RegisterSpec; @ 21
Event: 4.374 Thread 0x000000000218e800 Uncommon trap: reason=bimorphic action=maybe_recompile pc=0x0000000002930df8 method=com.android.dx.rop.code.RegisterSpec.withSimpleType()Lcom/android/dx/rop/code/RegisterSpec; @ 21
Event: 4.374 Thread 0x000000000218e800 Uncommon trap: reason=bimorphic action=maybe_recompile pc=0x0000000002930df8 method=com.android.dx.rop.code.RegisterSpec.withSimpleType()Lcom/android/dx/rop/code/RegisterSpec; @ 21
Event: 4.575 Thread 0x000000000218e800 Uncommon trap: reason=unstable_if action=reinterpret pc=0x000000000275f12c method=com.android.dx.util.IntList.binarysearch(I)I @ 105
Event: 4.576 Thread 0x000000000218e800 Uncommon trap: reason=unstable_if action=reinterpret pc=0x0000000002921dc0 method=com.android.dx.ssa.SsaBasicBlock.newFromRop(Lcom/android/dx/rop/code/RopMethod;ILcom/android/dx/ssa/SsaMethod;)Lcom/android/dx/ssa/SsaBasicBlock; @ 164
Event: 4.593 Thread 0x000000000218e800 Uncommon trap: reason=unstable_if action=reinterpret pc=0x000000000291a084 method=com.android.dx.ssa.MoveParamCombiner$1.visitNonMoveInsn(Lcom/android/dx/ssa/NormalSsaInsn;)V @ 27
Event: 4.721 Thread 0x000000000218e800 Uncommon trap: reason=unstable_if action=reinterpret pc=0x000000000294b3b0 method=com.android.dx.ssa.SCCP.simulateStmt(Lcom/android/dx/ssa/SsaInsn;)V @ 59

Internal exceptions (4 events):
Event: 0.052 Thread 0x000000000218e800 Exception <a 'java/lang/NoSuchMethodError': Method sun.misc.Unsafe.defineClass(Ljava/lang/String;[BII)Ljava/lang/Class; name or signature does not match> (0x00000000eab12f48) thrown at [C:\re\workspace\8-2-build-windows-amd64-cygwin\jdk8u45\3457\hotspot\sru{#ú«Òª?
Event: 0.052 Thread 0x000000000218e800 Exception <a 'java/lang/NoSuchMethodError': Method sun.misc.Unsafe.prefetchRead(Ljava/lang/Object;J)V name or signature does not match> (0x00000000eab131d8) thrown at [C:\re\workspace\8-2-build-windows-amd64-cygwin\jdk8u45\3457\hotspot\src\share\vm\prims\j8\ý¤gË@
Event: 2.224 Thread 0x000000000218e800 Implicit null exception at 0x00000000026966d2 to 0x00000000026967c2
Event: 4.341 Thread 0x000000000218e800 Implicit null exception at 0x00000000028c48b2 to 0x00000000028c605d

Events (10 events):
Event: 4.576 Thread 0x000000000218e800 DEOPT PACKING pc=0x0000000002921dc0 sp=0x00000000022ce390
Event: 4.576 Thread 0x000000000218e800 DEOPT UNPACKING pc=0x000000000231582a sp=0x00000000022ce398 mode 2
Event: 4.593 Thread 0x000000000218e800 Uncommon trap: trap_request=0xffffff65 fr.pc=0x000000000291a084
Event: 4.593 Thread 0x000000000218e800 DEOPT PACKING pc=0x000000000291a084 sp=0x00000000022ce3c0
Event: 4.593 Thread 0x000000000218e800 DEOPT UNPACKING pc=0x000000000231582a sp=0x00000000022ce318 mode 2
Event: 4.629 Executing VM operation: ParallelGCFailedAllocation
Event: 4.703 Executing VM operation: ParallelGCFailedAllocation done
Event: 4.721 Thread 0x000000000218e800 Uncommon trap: trap_request=0xffffff65 fr.pc=0x000000000294b3b0
Event: 4.721 Thread 0x000000000218e800 DEOPT PACKING pc=0x000000000294b3b0 sp=0x00000000022ce2c0
Event: 4.721 Thread 0x000000000218e800 DEOPT UNPACKING pc=0x000000000231582a sp=0x00000000022ce2a8 mode 2


Dynamic libraries:
0x000000013ff00000 - 0x000000013ff37000 	C:\Program Files\Java\jdk1.8.0_45\bin\java.exe
0x0000000076eb0000 - 0x0000000077059000 	C:\Windows\SYSTEM32\ntdll.dll
0x0000000076d90000 - 0x0000000076eaf000 	C:\Windows\system32\kernel32.dll
0x000007fefcfb0000 - 0x000007fefd01c000 	C:\Windows\system32\KERNELBASE.dll
0x000007fefd740000 - 0x000007fefd81b000 	C:\Windows\system32\ADVAPI32.dll
0x000007fefef70000 - 0x000007feff00f000 	C:\Windows\system32\msvcrt.dll
0x000007fefd5d0000 - 0x000007fefd5ef000 	C:\Windows\SYSTEM32\sechost.dll
0x000007feff090000 - 0x000007feff1bd000 	C:\Windows\system32\RPCRT4.dll
0x0000000076c90000 - 0x0000000076d8a000 	C:\Windows\system32\USER32.dll
0x000007fefd210000 - 0x000007fefd277000 	C:\Windows\system32\GDI32.dll
0x000007fefee40000 - 0x000007fefee4e000 	C:\Windows\system32\LPK.dll
0x000007fefd670000 - 0x000007fefd739000 	C:\Windows\system32\USP10.dll
0x000007fefb660000 - 0x000007fefb854000 	C:\Windows\WinSxS\amd64_microsoft.windows.common-controls_6595b64144ccf1df_6.0.7601.18807_none_fa381d5f175bfb52\COMCTL32.dll
0x000007fefd5f0000 - 0x000007fefd661000 	C:\Windows\system32\SHLWAPI.dll
0x000007feff010000 - 0x000007feff03e000 	C:\Windows\system32\IMM32.DLL
0x000007fefd820000 - 0x000007fefd929000 	C:\Windows\system32\MSCTF.dll
0x0000000077740000 - 0x0000000077812000 	C:\Program Files\Java\jdk1.8.0_45\jre\bin\msvcr100.dll
0x00000000583f0000 - 0x0000000058c73000 	C:\Program Files\Java\jdk1.8.0_45\jre\bin\server\jvm.dll
0x000007fef7bd0000 - 0x000007fef7bd9000 	C:\Windows\system32\WSOCK32.dll
0x000007feff040000 - 0x000007feff08d000 	C:\Windows\system32\WS2_32.dll
0x000007fefdac0000 - 0x000007fefdac8000 	C:\Windows\system32\NSI.dll
0x000007fefac40000 - 0x000007fefac7b000 	C:\Windows\system32\WINMM.dll
0x000007fefbcf0000 - 0x000007fefbcfc000 	C:\Windows\system32\VERSION.dll
0x0000000077070000 - 0x0000000077077000 	C:\Windows\system32\PSAPI.DLL
0x00000000742f0000 - 0x00000000742ff000 	C:\Program Files\Java\jdk1.8.0_45\jre\bin\verify.dll
0x00000000742c0000 - 0x00000000742e9000 	C:\Program Files\Java\jdk1.8.0_45\jre\bin\java.dll
0x00000000742a0000 - 0x00000000742b6000 	C:\Program Files\Java\jdk1.8.0_45\jre\bin\zip.dll
0x000007fefe0b0000 - 0x000007fefee39000 	C:\Windows\system32\SHELL32.dll
0x000007fefd280000 - 0x000007fefd483000 	C:\Windows\system32\ole32.dll
0x000007fefcc80000 - 0x000007fefcc8f000 	C:\Windows\system32\profapi.dll

VM Arguments:
jvm_args: -Xmx1024M -Dfile.encoding=GBK -Duser.country=US -Duser.language=en -Duser.variant 
java_command: com.android.dx.command.Main --dex --output C:\Sync2\workspace(git)\androidProj\yamiboAndroid\yamibo\build\intermediates\pre-dexed\debug\classes-dda29e43405b7c312c2e92ed22c3682f15958f30.jar C:\Sync2\workspace(git)\androidProj\yamiboAndroid\yamibo\build\intermediates\exploded-aar\com.android.support\support-v4\22.0.0\classes.jar
java_class_path (initial): C:\Users\Clover\AppData\Local\Android\sdk\build-tools\22.0.1\lib\dx.jar
Launcher Type: SUN_STANDARD

Environment Variables:
PATH=C:\ProgramData\Oracle\Java\javapath;C:\Program Files (x86)\iis express\PHP\v5.5;C:\Program Files\Common Files\Microsoft Shared\Windows Live;C:\Program Files (x86)\Common Files\Microsoft Shared\Windows Live;C:\Program Files (x86)\Intel\iCLS Client\;C:\Program Files\Intel\iCLS Client\;C:\Windows\system32;C:\Windows;C:\Windows\System32\Wbem;C:\Windows\System32\WindowsPowerShell\v1.0\;C:\Program Files\Intel\WiFi\bin\;C:\Program Files\Common Files\Intel\WirelessCommon\;C:\Program Files\Intel\Intel(R) Management Engine Components\DAL;C:\Program Files\Intel\Intel(R) Management Engine Components\IPT;C:\Program Files (x86)\Intel\Intel(R) Management Engine Components\DAL;C:\Program Files (x86)\Intel\Intel(R) Management Engine Components\IPT;C:\Program Files (x86)\Intel\OpenCL SDK\2.0\bin\x86;C:\Program Files (x86)\Intel\OpenCL SDK\2.0\bin\x64;C:\Program Files\Common Files\Lenovo;C:\Program Files (x86)\Windows Live\Shared;C:\SWTOOLS\ReadyApps;C:\Program Files (x86)\Common Files\Lenovo;C:\Program Files\MiK;C:\Program Files\MiKTeX 2.9\miktex\bin\x64\;C:\Program Files (x86)\Git\cmd;C:\Sync\dropBox-CloverFan\Dropbox\Programming;C:\emacs-23.3\bin;C:\Program Files (x86)\SumatraPDF;C:\MinGW\bin;C:\msys\1.0\bin;C:\Program Files\MiKTeX 2.9\miktex\bin\x64;C:\Program Files (x86)\Java\jre7\bin;C:\Sync\World_Tree_3\Science\latex
USERNAME=Clover
OS=Windows_NT
PROCESSOR_IDENTIFIER=Intel64 Family 6 Model 58 Stepping 9, GenuineIntel



---------------  S Y S T E M  ---------------

OS: Windows 7 , 64 bit Build 7601 (6.1.7601.18839)

CPU:total 4 (2 cores per cpu, 2 threads per core) family 6 model 58 stepping 9, cmov, cx8, fxsr, mmx, sse, sse2, sse3, ssse3, sse4.1, sse4.2, popcnt, avx, aes, clmul, erms, ht, tsc, tscinvbit, tscinv

Memory: 4k page, physical 10174256k(1572596k free), swap 10172420k(5136k free)

vm_info: Java HotSpot(TM) 64-Bit Server VM (25.45-b02) for windows-amd64 JRE (1.8.0_45-b14), built on Apr 10 2015 10:34:15 by "java_re" with MS VC++ 10.0 (VS2010)

time: Sat May 30 01:47:47 2015
elapsed time: 4 seconds (0d 0h 0m 4s)

